<?xml version="1.0" encoding="UTF-8"?>
<!-- Generated by org.testng.reporters.JUnitXMLReporter -->
<testsuite ignored="0" hostname="DESKTOP-96R9IGB" failures="0" tests="4" name="Default test" time="0.671" errors="0" timestamp="2022-05-25T14:41:07 IST">
  <testcase classname="TESTINK_PKG.KiteLoginTest" name="@BeforeTest launchbrwser1" time="-1.653469866951E9">
    <failure type="org.testng.TestNGException" message="
Can inject only one of &amp;lt;ITestContext, XmlTest&amp;gt; into a @BeforeTest annotated launchbrwser1.
For more information on native dependency injection please refer to https://testng.org/doc/documentation-main.html#native-dependency-injection">
      <![CDATA[org.testng.TestNGException: 
Can inject only one of <ITestContext, XmlTest> into a @BeforeTest annotated launchbrwser1.
For more information on native dependency injection please refer to https://testng.org/doc/documentation-main.html#native-dependency-injection
at org.testng.internal.Parameters.checkParameterTypes(Parameters.java:436)
at org.testng.internal.Parameters.createParametersForMethod(Parameters.java:350)
at org.testng.internal.Parameters.createParameters(Parameters.java:669)
at org.testng.internal.Parameters.createConfigurationParameters(Parameters.java:166)
at org.testng.internal.invokers.ConfigInvoker.invokeConfigurations(ConfigInvoker.java:300)
at org.testng.TestRunner.invokeTestConfigurations(TestRunner.java:645)
at org.testng.TestRunner.beforeRun(TestRunner.java:634)
at org.testng.TestRunner.run(TestRunner.java:596)
at org.testng.SuiteRunner.runTest(SuiteRunner.java:429)
at org.testng.SuiteRunner.runSequentially(SuiteRunner.java:423)
at org.testng.SuiteRunner.privateRun(SuiteRunner.java:383)
at org.testng.SuiteRunner.run(SuiteRunner.java:326)
at org.testng.SuiteRunnerWorker.runSuite(SuiteRunnerWorker.java:52)
at org.testng.SuiteRunnerWorker.run(SuiteRunnerWorker.java:95)
at org.testng.TestNG.runSuitesSequentially(TestNG.java:1249)
at org.testng.TestNG.runSuitesLocally(TestNG.java:1169)
at org.testng.TestNG.runSuites(TestNG.java:1092)
at org.testng.TestNG.run(TestNG.java:1060)
at org.testng.remote.AbstractRemoteTestNG.run(AbstractRemoteTestNG.java:115)
at org.testng.remote.RemoteTestNG.initAndRun(RemoteTestNG.java:251)
at org.testng.remote.RemoteTestNG.main(RemoteTestNG.java:77)
]]>
    </failure>
  </testcase> <!-- @BeforeTest launchbrwser1 -->
  <testcase classname="TESTINK_PKG.KiteLoginTest" name="@BeforeClass launchbrwser" time="0.0">
    <skipped/>
  </testcase> <!-- @BeforeClass launchbrwser -->
  <testcase classname="TESTINK_PKG.KiteLoginTest" name="@BeforeMethod login2kite" time="0.0">
    <skipped/>
  </testcase> <!-- @BeforeMethod login2kite -->
  <testcase classname="TESTINK_PKG.KiteLoginTest" name="@AfterMethod testcomp" time="0.0">
    <skipped/>
  </testcase> <!-- @AfterMethod testcomp -->
  <testcase classname="TESTINK_PKG.KiteLoginTest" name="@BeforeMethod login2kite" time="0.0">
    <skipped/>
  </testcase> <!-- @BeforeMethod login2kite -->
  <testcase classname="TESTINK_PKG.KiteLoginTest" name="@AfterMethod testcomp" time="0.0">
    <skipped/>
  </testcase> <!-- @AfterMethod testcomp -->
  <testcase classname="TESTINK_PKG.KiteLoginTest" name="@BeforeMethod login2kite" time="0.0">
    <skipped/>
  </testcase> <!-- @BeforeMethod login2kite -->
  <testcase classname="TESTINK_PKG.KiteLoginTest" name="@AfterMethod testcomp" time="0.0">
    <skipped/>
  </testcase> <!-- @AfterMethod testcomp -->
  <testcase classname="TESTINK_PKG.KiteLoginTest" name="@BeforeMethod login2kite" time="0.0">
    <skipped/>
  </testcase> <!-- @BeforeMethod login2kite -->
  <testcase classname="TESTINK_PKG.KiteLoginTest" name="@AfterMethod testcomp" time="0.0">
    <skipped/>
  </testcase> <!-- @AfterMethod testcomp -->
  <testcase classname="TESTINK_PKG.KiteLoginTest" name="@AfterClass closedriver" time="0.0">
    <skipped/>
  </testcase> <!-- @AfterClass closedriver -->
  <testcase classname="TESTINK_PKG.KiteLoginTest" name="positionstabvalodation" time="0.001">
    <skipped/>
  </testcase> <!-- positionstabvalodation -->
  <testcase classname="TESTINK_PKG.KiteLoginTest" name="fundstabvalodation" time="0.001">
    <skipped/>
  </testcase> <!-- fundstabvalodation -->
  <testcase classname="TESTINK_PKG.KiteLoginTest" name="ordertabvalidation" time="0.0">
    <skipped/>
  </testcase> <!-- ordertabvalidation -->
  <testcase classname="TESTINK_PKG.KiteLoginTest" name="holdingstabvalidation" time="0.0">
    <skipped/>
  </testcase> <!-- holdingstabvalidation -->
</testsuite> <!-- Default test -->
